<?xml version="1.0" encoding="UTF-8"?>
<testng-results ignored="0" total="1" passed="1" failed="0" skipped="0">
  <reporter-output>
  </reporter-output>
  <suite started-at="2023-06-02T16:38:46 IST" name="Default suite" finished-at="2023-06-02T16:39:57 IST" duration-ms="71720">
    <groups>
    </groups>
    <test started-at="2023-06-02T16:38:46 IST" name="Default test" finished-at="2023-06-02T16:39:57 IST" duration-ms="71720">
      <class name="practiceTestNG.Fbsignup">
        <test-method signature="fbsignup()[pri:0, instance:practiceTestNG.Fbsignup@32ee6fee]" started-at="2023-06-02T16:38:46 IST" name="fbsignup" finished-at="2023-06-02T16:39:57 IST" duration-ms="71537" status="PASS">
          <reporter-output>
          </reporter-output>
        </test-method> <!-- fbsignup -->
      </class> <!-- practiceTestNG.Fbsignup -->
    </test> <!-- Default test -->
  </suite> <!-- Default suite -->
</testng-results>
