<?xml version="1.0" encoding="UTF-8"?>
<!-- Generated by org.testng.reporters.JUnitXMLReporter -->
<testsuite ignored="0" hostname="DESKTOP-DVMTKTT" failures="1" tests="1" name="Edgetest" time="0.264" errors="0" timestamp="2023-03-25T16:01:46 IST">
  <testcase classname="practiceTestNG.parallelexecution" name="takescreenshot" time="0.037">
    <failure type="java.lang.Error" message="Unresolved compilation problem: 
	Unhandled exception type IOException
">
      <![CDATA[java.lang.Error: Unresolved compilation problem: 
Unhandled exception type IOException

at practiceTestNG.parallelexecution.takescreenshot(parallelexecution.java:39)
at java.base/java.util.ArrayList.forEach(ArrayList.java:1511)
at java.base/java.util.concurrent.FutureTask.run(FutureTask.java:264)
at java.base/java.util.concurrent.ThreadPoolExecutor.runWorker(ThreadPoolExecutor.java:1136)
at java.base/java.util.concurrent.ThreadPoolExecutor$Worker.run(ThreadPoolExecutor.java:635)
at java.base/java.lang.Thread.run(Thread.java:833)
... Removed 18 stack frames]]>
    </failure>
  </testcase> <!-- takescreenshot -->
</testsuite> <!-- Edgetest -->
